<?xml version="1.0" encoding="UTF-8"?>
<!-- Generated by org.testng.reporters.JUnitXMLReporter -->
<testsuite hostname="PravinAdmin" name="Default test" tests="3" failures="0" timestamp="11 Jan 2015 11:38:09 GMT" time="86.575" errors="0">
  <testcase name="verifyPageTitle" time="0.136" classname="org.testng.homepage.HomePageTests"/>
  <testcase name="verifySuccessfullRegistration" time="7.428" classname="org.testng.homepage.HomePageTests"/>
  <testcase name="verifySuccessfullRegistration" time="5.96" classname="org.testng.homepage.HomePageTests"/>
</testsuite> <!-- Default test -->
