<?xml version="1.0" encoding="UTF-8"?>
<!-- Generated by org.testng.reporters.JUnitXMLReporter -->
<testsuite hostname="PravinAdmin" name="HomePage Tests" tests="3" failures="0" timestamp="11 Jan 2015 11:34:40 GMT" time="90.953" errors="0">
  <testcase name="verifySuccessfullRegistration" time="7.869" classname="org.testng.homepage.HomePageTests"/>
  <testcase name="verifySuccessfullRegistration" time="8.148" classname="org.testng.homepage.HomePageTests"/>
  <testcase name="verifyPageTitle" time="0.048" classname="org.testng.homepage.HomePageTests"/>
</testsuite> <!-- HomePage Tests -->
